[27-Oct-2017 10:09:17 UTC] PHP Parse error:  syntax error, unexpected 'POST' (T_STRING), expecting ',' or ';' in /home/ubuntu/workspace/cwiczenia/logowanieform/index.php on line 26
[27-Oct-2017 10:09:20 UTC] PHP Parse error:  syntax error, unexpected 'POST' (T_STRING), expecting ',' or ';' in /home/ubuntu/workspace/cwiczenia/logowanieform/index.php on line 26
[27-Oct-2017 10:09:23 UTC] PHP Parse error:  syntax error, unexpected 'POST' (T_STRING), expecting ',' or ';' in /home/ubuntu/workspace/cwiczenia/logowanieform/index.php on line 26
[02-Nov-2017 08:29:18 UTC] PHP Fatal error:  Cannot break/continue 1 level in /home/ubuntu/workspace/cwiczenia/blog/form.php on line 27
[02-Nov-2017 08:29:18 UTC] PHP Stack trace:
[02-Nov-2017 08:29:18 UTC] PHP   1. {main}() /home/ubuntu/workspace/cwiczenia/blog/form.php:0
[02-Nov-2017 16:00:07 UTC] PHP Parse error:  syntax error, unexpected '=' in /home/ubuntu/workspace/cwiczenia/liczby pierwsze/index.php on line 11
[02-Nov-2017 16:01:38 UTC] PHP Parse error:  syntax error, unexpected ')' in /home/ubuntu/workspace/cwiczenia/liczby pierwsze/index.php on line 15
[02-Nov-2017 17:15:39 UTC] PHP Parse error:  syntax error, unexpected '$n' (T_VARIABLE) in /home/ubuntu/workspace/cwiczenia/liczby pierwsze/index.php on line 17
[03-Nov-2017 10:52:04 UTC] PHP Parse error:  syntax error, unexpected 'if' (T_IF) in /home/ubuntu/workspace/cwiczenia/blog/form.php on line 7
[03-Nov-2017 11:04:43 UTC] PHP Parse error:  syntax error, unexpected ''>' (T_CONSTANT_ENCAPSED_STRING), expecting ',' or ';' in /home/ubuntu/workspace/cwiczenia/blog/form.php on line 11
[03-Nov-2017 11:08:48 UTC] PHP Parse error:  syntax error, unexpected '"\">' (T_CONSTANT_ENCAPSED_STRING), expecting ',' or ';' in /home/ubuntu/workspace/cwiczenia/blog/form.php on line 15
[10-Nov-2017 11:11:11 UTC] PHP Fatal error:  Unsupported operand types in /home/ubuntu/workspace/cwiczenia/baza kotaktów/form.php on line 14
[10-Nov-2017 11:11:11 UTC] PHP Stack trace:
[10-Nov-2017 11:11:11 UTC] PHP   1. {main}() /home/ubuntu/workspace/cwiczenia/baza kotaktów/form.php:0
[10-Nov-2017 11:15:42 UTC] PHP Warning:  fputcsv() expects parameter 1 to be resource, string given in /home/ubuntu/workspace/cwiczenia/baza kotaktów/form.php on line 18
[10-Nov-2017 11:15:42 UTC] PHP Stack trace:
[10-Nov-2017 11:15:42 UTC] PHP   1. {main}() /home/ubuntu/workspace/cwiczenia/baza kotaktów/form.php:0
[10-Nov-2017 11:15:42 UTC] PHP   2. fputcsv() /home/ubuntu/workspace/cwiczenia/baza kotaktów/form.php:18
[10-Nov-2017 11:16:04 UTC] PHP Warning:  fputcsv() expects parameter 1 to be resource, string given in /home/ubuntu/workspace/cwiczenia/baza kotaktów/form.php on line 18
[10-Nov-2017 11:16:04 UTC] PHP Stack trace:
[10-Nov-2017 11:16:04 UTC] PHP   1. {main}() /home/ubuntu/workspace/cwiczenia/baza kotaktów/form.php:0
[10-Nov-2017 11:16:04 UTC] PHP   2. fputcsv() /home/ubuntu/workspace/cwiczenia/baza kotaktów/form.php:18
[10-Nov-2017 11:17:17 UTC] PHP Warning:  fopen() expects at least 2 parameters, 1 given in /home/ubuntu/workspace/cwiczenia/baza kotaktów/form.php on line 18
[10-Nov-2017 11:17:17 UTC] PHP Stack trace:
[10-Nov-2017 11:17:17 UTC] PHP   1. {main}() /home/ubuntu/workspace/cwiczenia/baza kotaktów/form.php:0
[10-Nov-2017 11:17:17 UTC] PHP   2. fopen() /home/ubuntu/workspace/cwiczenia/baza kotaktów/form.php:18
[10-Nov-2017 11:17:17 UTC] PHP Warning:  fputcsv() expects parameter 1 to be resource, string given in /home/ubuntu/workspace/cwiczenia/baza kotaktów/form.php on line 19
[10-Nov-2017 11:17:17 UTC] PHP Stack trace:
[10-Nov-2017 11:17:17 UTC] PHP   1. {main}() /home/ubuntu/workspace/cwiczenia/baza kotaktów/form.php:0
[10-Nov-2017 11:17:17 UTC] PHP   2. fputcsv() /home/ubuntu/workspace/cwiczenia/baza kotaktów/form.php:19
[10-Nov-2017 11:19:42 UTC] PHP Warning:  fopen() expects at least 2 parameters, 1 given in /home/ubuntu/workspace/cwiczenia/baza kotaktów/form.php on line 18
[10-Nov-2017 11:19:42 UTC] PHP Stack trace:
[10-Nov-2017 11:19:42 UTC] PHP   1. {main}() /home/ubuntu/workspace/cwiczenia/baza kotaktów/form.php:0
[10-Nov-2017 11:19:42 UTC] PHP   2. fopen() /home/ubuntu/workspace/cwiczenia/baza kotaktów/form.php:18
[10-Nov-2017 11:19:42 UTC] PHP Warning:  fputcsv() expects parameter 1 to be resource, string given in /home/ubuntu/workspace/cwiczenia/baza kotaktów/form.php on line 19
[10-Nov-2017 11:19:42 UTC] PHP Stack trace:
[10-Nov-2017 11:19:42 UTC] PHP   1. {main}() /home/ubuntu/workspace/cwiczenia/baza kotaktów/form.php:0
[10-Nov-2017 11:19:42 UTC] PHP   2. fputcsv() /home/ubuntu/workspace/cwiczenia/baza kotaktów/form.php:19
[10-Nov-2017 11:20:13 UTC] PHP Warning:  fopen() expects at least 2 parameters, 1 given in /home/ubuntu/workspace/cwiczenia/baza kotaktów/form.php on line 18
[10-Nov-2017 11:20:13 UTC] PHP Stack trace:
[10-Nov-2017 11:20:13 UTC] PHP   1. {main}() /home/ubuntu/workspace/cwiczenia/baza kotaktów/form.php:0
[10-Nov-2017 11:20:13 UTC] PHP   2. fopen() /home/ubuntu/workspace/cwiczenia/baza kotaktów/form.php:18
[10-Nov-2017 11:20:13 UTC] PHP Warning:  fputcsv() expects parameter 1 to be resource, string given in /home/ubuntu/workspace/cwiczenia/baza kotaktów/form.php on line 19
[10-Nov-2017 11:20:13 UTC] PHP Stack trace:
[10-Nov-2017 11:20:13 UTC] PHP   1. {main}() /home/ubuntu/workspace/cwiczenia/baza kotaktów/form.php:0
[10-Nov-2017 11:20:13 UTC] PHP   2. fputcsv() /home/ubuntu/workspace/cwiczenia/baza kotaktów/form.php:19
[10-Nov-2017 11:20:25 UTC] PHP Warning:  fopen() expects at least 2 parameters, 1 given in /home/ubuntu/workspace/cwiczenia/baza kotaktów/form.php on line 18
[10-Nov-2017 11:20:25 UTC] PHP Stack trace:
[10-Nov-2017 11:20:25 UTC] PHP   1. {main}() /home/ubuntu/workspace/cwiczenia/baza kotaktów/form.php:0
[10-Nov-2017 11:20:25 UTC] PHP   2. fopen() /home/ubuntu/workspace/cwiczenia/baza kotaktów/form.php:18
[10-Nov-2017 11:20:25 UTC] PHP Warning:  fputcsv() expects parameter 1 to be resource, string given in /home/ubuntu/workspace/cwiczenia/baza kotaktów/form.php on line 19
[10-Nov-2017 11:20:25 UTC] PHP Stack trace:
[10-Nov-2017 11:20:25 UTC] PHP   1. {main}() /home/ubuntu/workspace/cwiczenia/baza kotaktów/form.php:0
[10-Nov-2017 11:20:25 UTC] PHP   2. fputcsv() /home/ubuntu/workspace/cwiczenia/baza kotaktów/form.php:19
[10-Nov-2017 11:21:09 UTC] PHP Warning:  fopen() expects at least 2 parameters, 1 given in /home/ubuntu/workspace/cwiczenia/baza kotaktów/form.php on line 21
[10-Nov-2017 11:21:09 UTC] PHP Stack trace:
[10-Nov-2017 11:21:09 UTC] PHP   1. {main}() /home/ubuntu/workspace/cwiczenia/baza kotaktów/form.php:0
[10-Nov-2017 11:21:09 UTC] PHP   2. fopen() /home/ubuntu/workspace/cwiczenia/baza kotaktów/form.php:21
[10-Nov-2017 11:21:09 UTC] PHP Warning:  fputcsv() expects parameter 1 to be resource, string given in /home/ubuntu/workspace/cwiczenia/baza kotaktów/form.php on line 22
[10-Nov-2017 11:21:09 UTC] PHP Stack trace:
[10-Nov-2017 11:21:09 UTC] PHP   1. {main}() /home/ubuntu/workspace/cwiczenia/baza kotaktów/form.php:0
[10-Nov-2017 11:21:09 UTC] PHP   2. fputcsv() /home/ubuntu/workspace/cwiczenia/baza kotaktów/form.php:22
[10-Nov-2017 11:21:12 UTC] PHP Warning:  fopen() expects at least 2 parameters, 1 given in /home/ubuntu/workspace/cwiczenia/baza kotaktów/form.php on line 21
[10-Nov-2017 11:21:12 UTC] PHP Stack trace:
[10-Nov-2017 11:21:12 UTC] PHP   1. {main}() /home/ubuntu/workspace/cwiczenia/baza kotaktów/form.php:0
[10-Nov-2017 11:21:12 UTC] PHP   2. fopen() /home/ubuntu/workspace/cwiczenia/baza kotaktów/form.php:21
[10-Nov-2017 11:21:12 UTC] PHP Warning:  fputcsv() expects parameter 1 to be resource, string given in /home/ubuntu/workspace/cwiczenia/baza kotaktów/form.php on line 22
[10-Nov-2017 11:21:12 UTC] PHP Stack trace:
[10-Nov-2017 11:21:12 UTC] PHP   1. {main}() /home/ubuntu/workspace/cwiczenia/baza kotaktów/form.php:0
[10-Nov-2017 11:21:12 UTC] PHP   2. fputcsv() /home/ubuntu/workspace/cwiczenia/baza kotaktów/form.php:22
[13-Nov-2017 08:11:41 UTC] PHP Warning:  fopen() expects at least 2 parameters, 1 given in /home/ubuntu/workspace/cwiczenia/baza kotaktów/form.php on line 24
[13-Nov-2017 08:11:41 UTC] PHP Stack trace:
[13-Nov-2017 08:11:41 UTC] PHP   1. {main}() /home/ubuntu/workspace/cwiczenia/baza kotaktów/form.php:0
[13-Nov-2017 08:11:41 UTC] PHP   2. fopen() /home/ubuntu/workspace/cwiczenia/baza kotaktów/form.php:24
[13-Nov-2017 08:11:41 UTC] PHP Warning:  fputcsv() expects parameter 1 to be resource, string given in /home/ubuntu/workspace/cwiczenia/baza kotaktów/form.php on line 25
[13-Nov-2017 08:11:41 UTC] PHP Stack trace:
[13-Nov-2017 08:11:41 UTC] PHP   1. {main}() /home/ubuntu/workspace/cwiczenia/baza kotaktów/form.php:0
[13-Nov-2017 08:11:41 UTC] PHP   2. fputcsv() /home/ubuntu/workspace/cwiczenia/baza kotaktów/form.php:25
[13-Nov-2017 08:11:51 UTC] PHP Warning:  fopen() expects at least 2 parameters, 1 given in /home/ubuntu/workspace/cwiczenia/baza kotaktów/form.php on line 24
[13-Nov-2017 08:11:51 UTC] PHP Stack trace:
[13-Nov-2017 08:11:51 UTC] PHP   1. {main}() /home/ubuntu/workspace/cwiczenia/baza kotaktów/form.php:0
[13-Nov-2017 08:11:51 UTC] PHP   2. fopen() /home/ubuntu/workspace/cwiczenia/baza kotaktów/form.php:24
[13-Nov-2017 08:11:51 UTC] PHP Warning:  fputcsv() expects parameter 1 to be resource, string given in /home/ubuntu/workspace/cwiczenia/baza kotaktów/form.php on line 25
[13-Nov-2017 08:11:51 UTC] PHP Stack trace:
[13-Nov-2017 08:11:51 UTC] PHP   1. {main}() /home/ubuntu/workspace/cwiczenia/baza kotaktów/form.php:0
[13-Nov-2017 08:11:51 UTC] PHP   2. fputcsv() /home/ubuntu/workspace/cwiczenia/baza kotaktów/form.php:25
[13-Nov-2017 08:12:14 UTC] PHP Warning:  fopen() expects at least 2 parameters, 1 given in /home/ubuntu/workspace/cwiczenia/baza kotaktów/form.php on line 24
[13-Nov-2017 08:12:14 UTC] PHP Stack trace:
[13-Nov-2017 08:12:14 UTC] PHP   1. {main}() /home/ubuntu/workspace/cwiczenia/baza kotaktów/form.php:0
[13-Nov-2017 08:12:14 UTC] PHP   2. fopen() /home/ubuntu/workspace/cwiczenia/baza kotaktów/form.php:24
[13-Nov-2017 08:12:14 UTC] PHP Warning:  fputcsv() expects parameter 1 to be resource, string given in /home/ubuntu/workspace/cwiczenia/baza kotaktów/form.php on line 25
[13-Nov-2017 08:12:14 UTC] PHP Stack trace:
[13-Nov-2017 08:12:14 UTC] PHP   1. {main}() /home/ubuntu/workspace/cwiczenia/baza kotaktów/form.php:0
[13-Nov-2017 08:12:14 UTC] PHP   2. fputcsv() /home/ubuntu/workspace/cwiczenia/baza kotaktów/form.php:25
[13-Nov-2017 08:18:47 UTC] PHP Warning:  fopen() expects at least 2 parameters, 1 given in /home/ubuntu/workspace/cwiczenia/baza kotaktów/form.php on line 26
[13-Nov-2017 08:18:47 UTC] PHP Stack trace:
[13-Nov-2017 08:18:47 UTC] PHP   1. {main}() /home/ubuntu/workspace/cwiczenia/baza kotaktów/form.php:0
[13-Nov-2017 08:18:47 UTC] PHP   2. fopen() /home/ubuntu/workspace/cwiczenia/baza kotaktów/form.php:26
[13-Nov-2017 08:18:47 UTC] PHP Warning:  fputcsv() expects parameter 1 to be resource, string given in /home/ubuntu/workspace/cwiczenia/baza kotaktów/form.php on line 27
[13-Nov-2017 08:18:47 UTC] PHP Stack trace:
[13-Nov-2017 08:18:47 UTC] PHP   1. {main}() /home/ubuntu/workspace/cwiczenia/baza kotaktów/form.php:0
[13-Nov-2017 08:18:47 UTC] PHP   2. fputcsv() /home/ubuntu/workspace/cwiczenia/baza kotaktów/form.php:27
[13-Nov-2017 08:20:30 UTC] PHP Warning:  fopen() expects at least 2 parameters, 1 given in /home/ubuntu/workspace/cwiczenia/baza kotaktów/form.php on line 26
[13-Nov-2017 08:20:30 UTC] PHP Stack trace:
[13-Nov-2017 08:20:30 UTC] PHP   1. {main}() /home/ubuntu/workspace/cwiczenia/baza kotaktów/form.php:0
[13-Nov-2017 08:20:30 UTC] PHP   2. fopen() /home/ubuntu/workspace/cwiczenia/baza kotaktów/form.php:26
[13-Nov-2017 08:20:30 UTC] PHP Warning:  fputcsv() expects parameter 1 to be resource, string given in /home/ubuntu/workspace/cwiczenia/baza kotaktów/form.php on line 27
[13-Nov-2017 08:20:30 UTC] PHP Stack trace:
[13-Nov-2017 08:20:30 UTC] PHP   1. {main}() /home/ubuntu/workspace/cwiczenia/baza kotaktów/form.php:0
[13-Nov-2017 08:20:30 UTC] PHP   2. fputcsv() /home/ubuntu/workspace/cwiczenia/baza kotaktów/form.php:27
[13-Nov-2017 08:22:17 UTC] PHP Warning:  fopen() expects at least 2 parameters, 1 given in /home/ubuntu/workspace/cwiczenia/baza kotaktów/form.php on line 5
[13-Nov-2017 08:22:17 UTC] PHP Stack trace:
[13-Nov-2017 08:22:17 UTC] PHP   1. {main}() /home/ubuntu/workspace/cwiczenia/baza kotaktów/form.php:0
[13-Nov-2017 08:22:17 UTC] PHP   2. fopen() /home/ubuntu/workspace/cwiczenia/baza kotaktów/form.php:5
[13-Nov-2017 08:22:17 UTC] PHP Warning:  fopen() expects at least 2 parameters, 1 given in /home/ubuntu/workspace/cwiczenia/baza kotaktów/form.php on line 27
[13-Nov-2017 08:22:17 UTC] PHP Stack trace:
[13-Nov-2017 08:22:17 UTC] PHP   1. {main}() /home/ubuntu/workspace/cwiczenia/baza kotaktów/form.php:0
[13-Nov-2017 08:22:17 UTC] PHP   2. fopen() /home/ubuntu/workspace/cwiczenia/baza kotaktów/form.php:27
[13-Nov-2017 08:22:17 UTC] PHP Warning:  fputcsv() expects parameter 1 to be resource, string given in /home/ubuntu/workspace/cwiczenia/baza kotaktów/form.php on line 28
[13-Nov-2017 08:22:17 UTC] PHP Stack trace:
[13-Nov-2017 08:22:17 UTC] PHP   1. {main}() /home/ubuntu/workspace/cwiczenia/baza kotaktów/form.php:0
[13-Nov-2017 08:22:17 UTC] PHP   2. fputcsv() /home/ubuntu/workspace/cwiczenia/baza kotaktów/form.php:28
[13-Nov-2017 08:23:43 UTC] PHP Warning:  array_push() expects parameter 1 to be array, resource given in /home/ubuntu/workspace/cwiczenia/baza kotaktów/form.php on line 17
[13-Nov-2017 08:23:43 UTC] PHP Stack trace:
[13-Nov-2017 08:23:43 UTC] PHP   1. {main}() /home/ubuntu/workspace/cwiczenia/baza kotaktów/form.php:0
[13-Nov-2017 08:23:43 UTC] PHP   2. array_push() /home/ubuntu/workspace/cwiczenia/baza kotaktów/form.php:17
[13-Nov-2017 08:23:43 UTC] PHP Warning:  fputcsv() expects parameter 1 to be resource, string given in /home/ubuntu/workspace/cwiczenia/baza kotaktów/form.php on line 28
[13-Nov-2017 08:23:43 UTC] PHP Stack trace:
[13-Nov-2017 08:23:43 UTC] PHP   1. {main}() /home/ubuntu/workspace/cwiczenia/baza kotaktów/form.php:0
[13-Nov-2017 08:23:43 UTC] PHP   2. fputcsv() /home/ubuntu/workspace/cwiczenia/baza kotaktów/form.php:28
[13-Nov-2017 08:24:08 UTC] PHP Warning:  array_push() expects parameter 1 to be array, resource given in /home/ubuntu/workspace/cwiczenia/baza kotaktów/form.php on line 17
[13-Nov-2017 08:24:08 UTC] PHP Stack trace:
[13-Nov-2017 08:24:08 UTC] PHP   1. {main}() /home/ubuntu/workspace/cwiczenia/baza kotaktów/form.php:0
[13-Nov-2017 08:24:08 UTC] PHP   2. array_push() /home/ubuntu/workspace/cwiczenia/baza kotaktów/form.php:17
[13-Nov-2017 08:24:08 UTC] PHP Warning:  fputcsv() expects parameter 1 to be resource, string given in /home/ubuntu/workspace/cwiczenia/baza kotaktów/form.php on line 28
[13-Nov-2017 08:24:08 UTC] PHP Stack trace:
[13-Nov-2017 08:24:08 UTC] PHP   1. {main}() /home/ubuntu/workspace/cwiczenia/baza kotaktów/form.php:0
[13-Nov-2017 08:24:08 UTC] PHP   2. fputcsv() /home/ubuntu/workspace/cwiczenia/baza kotaktów/form.php:28
[13-Nov-2017 08:24:21 UTC] PHP Warning:  array_push() expects parameter 1 to be array, resource given in /home/ubuntu/workspace/cwiczenia/baza kotaktów/form.php on line 17
[13-Nov-2017 08:24:21 UTC] PHP Stack trace:
[13-Nov-2017 08:24:21 UTC] PHP   1. {main}() /home/ubuntu/workspace/cwiczenia/baza kotaktów/form.php:0
[13-Nov-2017 08:24:21 UTC] PHP   2. array_push() /home/ubuntu/workspace/cwiczenia/baza kotaktów/form.php:17
[13-Nov-2017 08:24:21 UTC] PHP Warning:  fputcsv() expects parameter 1 to be resource, string given in /home/ubuntu/workspace/cwiczenia/baza kotaktów/form.php on line 28
[13-Nov-2017 08:24:21 UTC] PHP Stack trace:
[13-Nov-2017 08:24:21 UTC] PHP   1. {main}() /home/ubuntu/workspace/cwiczenia/baza kotaktów/form.php:0
[13-Nov-2017 08:24:21 UTC] PHP   2. fputcsv() /home/ubuntu/workspace/cwiczenia/baza kotaktów/form.php:28
[13-Nov-2017 08:33:16 UTC] PHP Warning:  fputcsv() expects parameter 1 to be resource, string given in /home/ubuntu/workspace/cwiczenia/baza kotaktów/form.php on line 41
[13-Nov-2017 08:33:16 UTC] PHP Stack trace:
[13-Nov-2017 08:33:16 UTC] PHP   1. {main}() /home/ubuntu/workspace/cwiczenia/baza kotaktów/form.php:0
[13-Nov-2017 08:33:16 UTC] PHP   2. fputcsv() /home/ubuntu/workspace/cwiczenia/baza kotaktów/form.php:41
[13-Nov-2017 08:33:44 UTC] PHP Warning:  fputcsv() expects parameter 1 to be resource, string given in /home/ubuntu/workspace/cwiczenia/baza kotaktów/form.php on line 41
[13-Nov-2017 08:33:44 UTC] PHP Stack trace:
[13-Nov-2017 08:33:44 UTC] PHP   1. {main}() /home/ubuntu/workspace/cwiczenia/baza kotaktów/form.php:0
[13-Nov-2017 08:33:44 UTC] PHP   2. fputcsv() /home/ubuntu/workspace/cwiczenia/baza kotaktów/form.php:41
[13-Nov-2017 08:34:30 UTC] PHP Warning:  fputcsv() expects parameter 1 to be resource, string given in /home/ubuntu/workspace/cwiczenia/baza kotaktów/form.php on line 41
[13-Nov-2017 08:34:30 UTC] PHP Stack trace:
[13-Nov-2017 08:34:30 UTC] PHP   1. {main}() /home/ubuntu/workspace/cwiczenia/baza kotaktów/form.php:0
[13-Nov-2017 08:34:30 UTC] PHP   2. fputcsv() /home/ubuntu/workspace/cwiczenia/baza kotaktów/form.php:41
[13-Nov-2017 08:35:12 UTC] PHP Warning:  fputcsv() expects parameter 1 to be resource, string given in /home/ubuntu/workspace/cwiczenia/baza kotaktów/form.php on line 41
[13-Nov-2017 08:35:12 UTC] PHP Stack trace:
[13-Nov-2017 08:35:12 UTC] PHP   1. {main}() /home/ubuntu/workspace/cwiczenia/baza kotaktów/form.php:0
[13-Nov-2017 08:35:12 UTC] PHP   2. fputcsv() /home/ubuntu/workspace/cwiczenia/baza kotaktów/form.php:41
[14-Nov-2017 10:49:08 UTC] PHP Warning:  fputcsv() expects parameter 1 to be resource, string given in /home/ubuntu/workspace/cwiczenia/baza kotaktów/form.php on line 41
[14-Nov-2017 10:49:08 UTC] PHP Stack trace:
[14-Nov-2017 10:49:08 UTC] PHP   1. {main}() /home/ubuntu/workspace/cwiczenia/baza kotaktów/form.php:0
[14-Nov-2017 10:49:08 UTC] PHP   2. fputcsv() /home/ubuntu/workspace/cwiczenia/baza kotaktów/form.php:41
[14-Nov-2017 10:57:17 UTC] PHP Warning:  fputcsv() expects parameter 1 to be resource, string given in /home/ubuntu/workspace/cwiczenia/bazakotaktów/form.php on line 42
[14-Nov-2017 10:57:17 UTC] PHP Stack trace:
[14-Nov-2017 10:57:17 UTC] PHP   1. {main}() /home/ubuntu/workspace/cwiczenia/bazakotaktów/form.php:0
[14-Nov-2017 10:57:17 UTC] PHP   2. fputcsv() /home/ubuntu/workspace/cwiczenia/bazakotaktów/form.php:42
[14-Nov-2017 10:57:29 UTC] PHP Warning:  fputcsv() expects parameter 1 to be resource, string given in /home/ubuntu/workspace/cwiczenia/bazakotaktów/form.php on line 42
[14-Nov-2017 10:57:29 UTC] PHP Stack trace:
[14-Nov-2017 10:57:29 UTC] PHP   1. {main}() /home/ubuntu/workspace/cwiczenia/bazakotaktów/form.php:0
[14-Nov-2017 10:57:29 UTC] PHP   2. fputcsv() /home/ubuntu/workspace/cwiczenia/bazakotaktów/form.php:42
[14-Nov-2017 11:00:13 UTC] PHP Warning:  fputcsv() expects parameter 1 to be resource, string given in /home/ubuntu/workspace/cwiczenia/bazakotaktów/form.php on line 42
[14-Nov-2017 11:00:13 UTC] PHP Stack trace:
[14-Nov-2017 11:00:13 UTC] PHP   1. {main}() /home/ubuntu/workspace/cwiczenia/bazakotaktów/form.php:0
[14-Nov-2017 11:00:13 UTC] PHP   2. fputcsv() /home/ubuntu/workspace/cwiczenia/bazakotaktów/form.php:42
[14-Nov-2017 11:00:17 UTC] PHP Warning:  fputcsv() expects parameter 1 to be resource, string given in /home/ubuntu/workspace/cwiczenia/bazakotaktów/form.php on line 42
[14-Nov-2017 11:00:17 UTC] PHP Stack trace:
[14-Nov-2017 11:00:17 UTC] PHP   1. {main}() /home/ubuntu/workspace/cwiczenia/bazakotaktów/form.php:0
[14-Nov-2017 11:00:17 UTC] PHP   2. fputcsv() /home/ubuntu/workspace/cwiczenia/bazakotaktów/form.php:42
[14-Nov-2017 11:00:20 UTC] PHP Warning:  fputcsv() expects parameter 1 to be resource, string given in /home/ubuntu/workspace/cwiczenia/bazakotaktów/form.php on line 42
[14-Nov-2017 11:00:20 UTC] PHP Stack trace:
[14-Nov-2017 11:00:20 UTC] PHP   1. {main}() /home/ubuntu/workspace/cwiczenia/bazakotaktów/form.php:0
[14-Nov-2017 11:00:20 UTC] PHP   2. fputcsv() /home/ubuntu/workspace/cwiczenia/bazakotaktów/form.php:42
[14-Nov-2017 11:00:22 UTC] PHP Warning:  fputcsv() expects parameter 1 to be resource, string given in /home/ubuntu/workspace/cwiczenia/bazakotaktów/form.php on line 42
[14-Nov-2017 11:00:22 UTC] PHP Stack trace:
[14-Nov-2017 11:00:22 UTC] PHP   1. {main}() /home/ubuntu/workspace/cwiczenia/bazakotaktów/form.php:0
[14-Nov-2017 11:00:22 UTC] PHP   2. fputcsv() /home/ubuntu/workspace/cwiczenia/bazakotaktów/form.php:42
[14-Nov-2017 11:00:29 UTC] PHP Warning:  fputcsv() expects parameter 1 to be resource, string given in /home/ubuntu/workspace/cwiczenia/bazakotaktów/form.php on line 42
[14-Nov-2017 11:00:29 UTC] PHP Stack trace:
[14-Nov-2017 11:00:29 UTC] PHP   1. {main}() /home/ubuntu/workspace/cwiczenia/bazakotaktów/form.php:0
[14-Nov-2017 11:00:29 UTC] PHP   2. fputcsv() /home/ubuntu/workspace/cwiczenia/bazakotaktów/form.php:42
[14-Nov-2017 11:04:34 UTC] PHP Warning:  fwrite() expects parameter 1 to be resource, string given in /home/ubuntu/workspace/cwiczenia/bazakotaktów/form.php on line 42
[14-Nov-2017 11:04:34 UTC] PHP Stack trace:
[14-Nov-2017 11:04:34 UTC] PHP   1. {main}() /home/ubuntu/workspace/cwiczenia/bazakotaktów/form.php:0
[14-Nov-2017 11:04:34 UTC] PHP   2. fwrite() /home/ubuntu/workspace/cwiczenia/bazakotaktów/form.php:42
[14-Nov-2017 11:05:53 UTC] PHP Warning:  fwrite() expects parameter 1 to be resource, string given in /home/ubuntu/workspace/cwiczenia/bazakotaktów/form.php on line 44
[14-Nov-2017 11:05:53 UTC] PHP Stack trace:
[14-Nov-2017 11:05:53 UTC] PHP   1. {main}() /home/ubuntu/workspace/cwiczenia/bazakotaktów/form.php:0
[14-Nov-2017 11:05:53 UTC] PHP   2. fwrite() /home/ubuntu/workspace/cwiczenia/bazakotaktów/form.php:44
[14-Nov-2017 11:06:56 UTC] PHP Warning:  fwrite() expects parameter 1 to be resource, string given in /home/ubuntu/workspace/cwiczenia/bazakotaktów/form.php on line 44
[14-Nov-2017 11:06:56 UTC] PHP Stack trace:
[14-Nov-2017 11:06:56 UTC] PHP   1. {main}() /home/ubuntu/workspace/cwiczenia/bazakotaktów/form.php:0
[14-Nov-2017 11:06:56 UTC] PHP   2. fwrite() /home/ubuntu/workspace/cwiczenia/bazakotaktów/form.php:44
[15-Nov-2017 10:09:20 UTC] PHP Warning:  fgetcsv() expects parameter 1 to be resource, string given in /home/ubuntu/workspace/cwiczenia/bazakotaktów/showcontacts.php on line 8
[15-Nov-2017 10:09:20 UTC] PHP Stack trace:
[15-Nov-2017 10:09:20 UTC] PHP   1. {main}() /home/ubuntu/workspace/cwiczenia/bazakotaktów/showcontacts.php:0
[15-Nov-2017 10:09:20 UTC] PHP   2. fgetcsv() /home/ubuntu/workspace/cwiczenia/bazakotaktów/showcontacts.php:8
[15-Nov-2017 13:38:44 UTC] PHP Warning:  explode() expects at least 2 parameters, 1 given in /home/ubuntu/workspace/cwiczenia/bazakotaktów/showcontacts.php on line 12
[15-Nov-2017 13:38:44 UTC] PHP Stack trace:
[15-Nov-2017 13:38:44 UTC] PHP   1. {main}() /home/ubuntu/workspace/cwiczenia/bazakotaktów/showcontacts.php:0
[15-Nov-2017 13:38:44 UTC] PHP   2. explode() /home/ubuntu/workspace/cwiczenia/bazakotaktów/showcontacts.php:12
[15-Nov-2017 13:38:44 UTC] PHP Warning:  explode() expects at least 2 parameters, 1 given in /home/ubuntu/workspace/cwiczenia/bazakotaktów/showcontacts.php on line 12
[15-Nov-2017 13:38:44 UTC] PHP Stack trace:
[15-Nov-2017 13:38:44 UTC] PHP   1. {main}() /home/ubuntu/workspace/cwiczenia/bazakotaktów/showcontacts.php:0
[15-Nov-2017 13:38:44 UTC] PHP   2. explode() /home/ubuntu/workspace/cwiczenia/bazakotaktów/showcontacts.php:12
[15-Nov-2017 13:38:44 UTC] PHP Warning:  explode() expects at least 2 parameters, 1 given in /home/ubuntu/workspace/cwiczenia/bazakotaktów/showcontacts.php on line 12
[15-Nov-2017 13:38:44 UTC] PHP Stack trace:
[15-Nov-2017 13:38:44 UTC] PHP   1. {main}() /home/ubuntu/workspace/cwiczenia/bazakotaktów/showcontacts.php:0
[15-Nov-2017 13:38:44 UTC] PHP   2. explode() /home/ubuntu/workspace/cwiczenia/bazakotaktów/showcontacts.php:12
[15-Nov-2017 13:38:44 UTC] PHP Warning:  explode() expects at least 2 parameters, 1 given in /home/ubuntu/workspace/cwiczenia/bazakotaktów/showcontacts.php on line 12
[15-Nov-2017 13:38:44 UTC] PHP Stack trace:
[15-Nov-2017 13:38:44 UTC] PHP   1. {main}() /home/ubuntu/workspace/cwiczenia/bazakotaktów/showcontacts.php:0
[15-Nov-2017 13:38:44 UTC] PHP   2. explode() /home/ubuntu/workspace/cwiczenia/bazakotaktów/showcontacts.php:12
[15-Nov-2017 13:38:44 UTC] PHP Warning:  explode() expects at least 2 parameters, 1 given in /home/ubuntu/workspace/cwiczenia/bazakotaktów/showcontacts.php on line 12
[15-Nov-2017 13:38:44 UTC] PHP Stack trace:
[15-Nov-2017 13:38:44 UTC] PHP   1. {main}() /home/ubuntu/workspace/cwiczenia/bazakotaktów/showcontacts.php:0
[15-Nov-2017 13:38:44 UTC] PHP   2. explode() /home/ubuntu/workspace/cwiczenia/bazakotaktów/showcontacts.php:12
[15-Nov-2017 13:38:44 UTC] PHP Warning:  explode() expects at least 2 parameters, 1 given in /home/ubuntu/workspace/cwiczenia/bazakotaktów/showcontacts.php on line 12
[15-Nov-2017 13:38:44 UTC] PHP Stack trace:
[15-Nov-2017 13:38:44 UTC] PHP   1. {main}() /home/ubuntu/workspace/cwiczenia/bazakotaktów/showcontacts.php:0
[15-Nov-2017 13:38:44 UTC] PHP   2. explode() /home/ubuntu/workspace/cwiczenia/bazakotaktów/showcontacts.php:12
[15-Nov-2017 13:38:44 UTC] PHP Warning:  explode() expects at least 2 parameters, 1 given in /home/ubuntu/workspace/cwiczenia/bazakotaktów/showcontacts.php on line 12
[15-Nov-2017 13:38:44 UTC] PHP Stack trace:
[15-Nov-2017 13:38:44 UTC] PHP   1. {main}() /home/ubuntu/workspace/cwiczenia/bazakotaktów/showcontacts.php:0
[15-Nov-2017 13:38:44 UTC] PHP   2. explode() /home/ubuntu/workspace/cwiczenia/bazakotaktów/showcontacts.php:12
[15-Nov-2017 13:39:48 UTC] PHP Warning:  explode() expects parameter 2 to be string, array given in /home/ubuntu/workspace/cwiczenia/bazakotaktów/showcontacts.php on line 12
[15-Nov-2017 13:39:48 UTC] PHP Stack trace:
[15-Nov-2017 13:39:48 UTC] PHP   1. {main}() /home/ubuntu/workspace/cwiczenia/bazakotaktów/showcontacts.php:0
[15-Nov-2017 13:39:48 UTC] PHP   2. explode() /home/ubuntu/workspace/cwiczenia/bazakotaktów/showcontacts.php:12
[15-Nov-2017 13:39:48 UTC] PHP Warning:  explode() expects parameter 2 to be string, array given in /home/ubuntu/workspace/cwiczenia/bazakotaktów/showcontacts.php on line 12
[15-Nov-2017 13:39:48 UTC] PHP Stack trace:
[15-Nov-2017 13:39:48 UTC] PHP   1. {main}() /home/ubuntu/workspace/cwiczenia/bazakotaktów/showcontacts.php:0
[15-Nov-2017 13:39:48 UTC] PHP   2. explode() /home/ubuntu/workspace/cwiczenia/bazakotaktów/showcontacts.php:12
[15-Nov-2017 13:39:48 UTC] PHP Warning:  explode() expects parameter 2 to be string, array given in /home/ubuntu/workspace/cwiczenia/bazakotaktów/showcontacts.php on line 12
[15-Nov-2017 13:39:48 UTC] PHP Stack trace:
[15-Nov-2017 13:39:48 UTC] PHP   1. {main}() /home/ubuntu/workspace/cwiczenia/bazakotaktów/showcontacts.php:0
[15-Nov-2017 13:39:48 UTC] PHP   2. explode() /home/ubuntu/workspace/cwiczenia/bazakotaktów/showcontacts.php:12
[15-Nov-2017 13:39:48 UTC] PHP Warning:  explode() expects parameter 2 to be string, array given in /home/ubuntu/workspace/cwiczenia/bazakotaktów/showcontacts.php on line 12
[15-Nov-2017 13:39:48 UTC] PHP Stack trace:
[15-Nov-2017 13:39:48 UTC] PHP   1. {main}() /home/ubuntu/workspace/cwiczenia/bazakotaktów/showcontacts.php:0
[15-Nov-2017 13:39:48 UTC] PHP   2. explode() /home/ubuntu/workspace/cwiczenia/bazakotaktów/showcontacts.php:12
[15-Nov-2017 13:39:48 UTC] PHP Warning:  explode() expects parameter 2 to be string, array given in /home/ubuntu/workspace/cwiczenia/bazakotaktów/showcontacts.php on line 12
[15-Nov-2017 13:39:48 UTC] PHP Stack trace:
[15-Nov-2017 13:39:48 UTC] PHP   1. {main}() /home/ubuntu/workspace/cwiczenia/bazakotaktów/showcontacts.php:0
[15-Nov-2017 13:39:48 UTC] PHP   2. explode() /home/ubuntu/workspace/cwiczenia/bazakotaktów/showcontacts.php:12
[15-Nov-2017 13:39:48 UTC] PHP Warning:  explode() expects parameter 2 to be string, array given in /home/ubuntu/workspace/cwiczenia/bazakotaktów/showcontacts.php on line 12
[15-Nov-2017 13:39:48 UTC] PHP Stack trace:
[15-Nov-2017 13:39:48 UTC] PHP   1. {main}() /home/ubuntu/workspace/cwiczenia/bazakotaktów/showcontacts.php:0
[15-Nov-2017 13:39:48 UTC] PHP   2. explode() /home/ubuntu/workspace/cwiczenia/bazakotaktów/showcontacts.php:12
[15-Nov-2017 13:39:48 UTC] PHP Warning:  explode() expects parameter 2 to be string, array given in /home/ubuntu/workspace/cwiczenia/bazakotaktów/showcontacts.php on line 12
[15-Nov-2017 13:39:48 UTC] PHP Stack trace:
[15-Nov-2017 13:39:48 UTC] PHP   1. {main}() /home/ubuntu/workspace/cwiczenia/bazakotaktów/showcontacts.php:0
[15-Nov-2017 13:39:48 UTC] PHP   2. explode() /home/ubuntu/workspace/cwiczenia/bazakotaktów/showcontacts.php:12
[15-Nov-2017 13:40:50 UTC] PHP Warning:  explode() expects parameter 2 to be string, array given in /home/ubuntu/workspace/cwiczenia/bazakotaktów/showcontacts.php on line 13
[15-Nov-2017 13:40:50 UTC] PHP Stack trace:
[15-Nov-2017 13:40:50 UTC] PHP   1. {main}() /home/ubuntu/workspace/cwiczenia/bazakotaktów/showcontacts.php:0
[15-Nov-2017 13:40:50 UTC] PHP   2. explode() /home/ubuntu/workspace/cwiczenia/bazakotaktów/showcontacts.php:13
[15-Nov-2017 13:40:50 UTC] PHP Warning:  explode() expects parameter 2 to be string, array given in /home/ubuntu/workspace/cwiczenia/bazakotaktów/showcontacts.php on line 13
[15-Nov-2017 13:40:50 UTC] PHP Stack trace:
[15-Nov-2017 13:40:50 UTC] PHP   1. {main}() /home/ubuntu/workspace/cwiczenia/bazakotaktów/showcontacts.php:0
[15-Nov-2017 13:40:50 UTC] PHP   2. explode() /home/ubuntu/workspace/cwiczenia/bazakotaktów/showcontacts.php:13
[15-Nov-2017 13:40:50 UTC] PHP Warning:  explode() expects parameter 2 to be string, array given in /home/ubuntu/workspace/cwiczenia/bazakotaktów/showcontacts.php on line 13
[15-Nov-2017 13:40:50 UTC] PHP Stack trace:
[15-Nov-2017 13:40:50 UTC] PHP   1. {main}() /home/ubuntu/workspace/cwiczenia/bazakotaktów/showcontacts.php:0
[15-Nov-2017 13:40:50 UTC] PHP   2. explode() /home/ubuntu/workspace/cwiczenia/bazakotaktów/showcontacts.php:13
[15-Nov-2017 13:40:50 UTC] PHP Warning:  explode() expects parameter 2 to be string, array given in /home/ubuntu/workspace/cwiczenia/bazakotaktów/showcontacts.php on line 13
[15-Nov-2017 13:40:50 UTC] PHP Stack trace:
[15-Nov-2017 13:40:50 UTC] PHP   1. {main}() /home/ubuntu/workspace/cwiczenia/bazakotaktów/showcontacts.php:0
[15-Nov-2017 13:40:50 UTC] PHP   2. explode() /home/ubuntu/workspace/cwiczenia/bazakotaktów/showcontacts.php:13
[15-Nov-2017 13:40:50 UTC] PHP Warning:  explode() expects parameter 2 to be string, array given in /home/ubuntu/workspace/cwiczenia/bazakotaktów/showcontacts.php on line 13
[15-Nov-2017 13:40:50 UTC] PHP Stack trace:
[15-Nov-2017 13:40:50 UTC] PHP   1. {main}() /home/ubuntu/workspace/cwiczenia/bazakotaktów/showcontacts.php:0
[15-Nov-2017 13:40:50 UTC] PHP   2. explode() /home/ubuntu/workspace/cwiczenia/bazakotaktów/showcontacts.php:13
[15-Nov-2017 13:40:50 UTC] PHP Warning:  explode() expects parameter 2 to be string, array given in /home/ubuntu/workspace/cwiczenia/bazakotaktów/showcontacts.php on line 13
[15-Nov-2017 13:40:50 UTC] PHP Stack trace:
[15-Nov-2017 13:40:50 UTC] PHP   1. {main}() /home/ubuntu/workspace/cwiczenia/bazakotaktów/showcontacts.php:0
[15-Nov-2017 13:40:50 UTC] PHP   2. explode() /home/ubuntu/workspace/cwiczenia/bazakotaktów/showcontacts.php:13
[15-Nov-2017 13:40:50 UTC] PHP Warning:  explode() expects parameter 2 to be string, array given in /home/ubuntu/workspace/cwiczenia/bazakotaktów/showcontacts.php on line 13
[15-Nov-2017 13:40:50 UTC] PHP Stack trace:
[15-Nov-2017 13:40:50 UTC] PHP   1. {main}() /home/ubuntu/workspace/cwiczenia/bazakotaktów/showcontacts.php:0
[15-Nov-2017 13:40:50 UTC] PHP   2. explode() /home/ubuntu/workspace/cwiczenia/bazakotaktów/showcontacts.php:13
[15-Nov-2017 13:42:34 UTC] PHP Warning:  explode() expects parameter 2 to be string, array given in /home/ubuntu/workspace/cwiczenia/bazakotaktów/showcontacts.php on line 13
[15-Nov-2017 13:42:34 UTC] PHP Stack trace:
[15-Nov-2017 13:42:34 UTC] PHP   1. {main}() /home/ubuntu/workspace/cwiczenia/bazakotaktów/showcontacts.php:0
[15-Nov-2017 13:42:34 UTC] PHP   2. explode() /home/ubuntu/workspace/cwiczenia/bazakotaktów/showcontacts.php:13
[15-Nov-2017 13:42:34 UTC] PHP Warning:  explode() expects parameter 2 to be string, array given in /home/ubuntu/workspace/cwiczenia/bazakotaktów/showcontacts.php on line 13
[15-Nov-2017 13:42:34 UTC] PHP Stack trace:
[15-Nov-2017 13:42:34 UTC] PHP   1. {main}() /home/ubuntu/workspace/cwiczenia/bazakotaktów/showcontacts.php:0
[15-Nov-2017 13:42:34 UTC] PHP   2. explode() /home/ubuntu/workspace/cwiczenia/bazakotaktów/showcontacts.php:13
[15-Nov-2017 13:42:34 UTC] PHP Warning:  explode() expects parameter 2 to be string, array given in /home/ubuntu/workspace/cwiczenia/bazakotaktów/showcontacts.php on line 13
[15-Nov-2017 13:42:34 UTC] PHP Stack trace:
[15-Nov-2017 13:42:34 UTC] PHP   1. {main}() /home/ubuntu/workspace/cwiczenia/bazakotaktów/showcontacts.php:0
[15-Nov-2017 13:42:34 UTC] PHP   2. explode() /home/ubuntu/workspace/cwiczenia/bazakotaktów/showcontacts.php:13
[15-Nov-2017 13:42:34 UTC] PHP Warning:  explode() expects parameter 2 to be string, array given in /home/ubuntu/workspace/cwiczenia/bazakotaktów/showcontacts.php on line 13
[15-Nov-2017 13:42:34 UTC] PHP Stack trace:
[15-Nov-2017 13:42:34 UTC] PHP   1. {main}() /home/ubuntu/workspace/cwiczenia/bazakotaktów/showcontacts.php:0
[15-Nov-2017 13:42:34 UTC] PHP   2. explode() /home/ubuntu/workspace/cwiczenia/bazakotaktów/showcontacts.php:13
[15-Nov-2017 13:42:34 UTC] PHP Warning:  explode() expects parameter 2 to be string, array given in /home/ubuntu/workspace/cwiczenia/bazakotaktów/showcontacts.php on line 13
[15-Nov-2017 13:42:34 UTC] PHP Stack trace:
[15-Nov-2017 13:42:34 UTC] PHP   1. {main}() /home/ubuntu/workspace/cwiczenia/bazakotaktów/showcontacts.php:0
[15-Nov-2017 13:42:34 UTC] PHP   2. explode() /home/ubuntu/workspace/cwiczenia/bazakotaktów/showcontacts.php:13
[15-Nov-2017 13:42:34 UTC] PHP Warning:  explode() expects parameter 2 to be string, array given in /home/ubuntu/workspace/cwiczenia/bazakotaktów/showcontacts.php on line 13
[15-Nov-2017 13:42:34 UTC] PHP Stack trace:
[15-Nov-2017 13:42:34 UTC] PHP   1. {main}() /home/ubuntu/workspace/cwiczenia/bazakotaktów/showcontacts.php:0
[15-Nov-2017 13:42:34 UTC] PHP   2. explode() /home/ubuntu/workspace/cwiczenia/bazakotaktów/showcontacts.php:13
[15-Nov-2017 13:42:34 UTC] PHP Warning:  explode() expects parameter 2 to be string, array given in /home/ubuntu/workspace/cwiczenia/bazakotaktów/showcontacts.php on line 13
[15-Nov-2017 13:42:34 UTC] PHP Stack trace:
[15-Nov-2017 13:42:34 UTC] PHP   1. {main}() /home/ubuntu/workspace/cwiczenia/bazakotaktów/showcontacts.php:0
[15-Nov-2017 13:42:34 UTC] PHP   2. explode() /home/ubuntu/workspace/cwiczenia/bazakotaktów/showcontacts.php:13
[15-Nov-2017 13:44:19 UTC] PHP Warning:  explode() expects parameter 2 to be string, array given in /home/ubuntu/workspace/cwiczenia/bazakotaktów/showcontacts.php on line 13
[15-Nov-2017 13:44:19 UTC] PHP Stack trace:
[15-Nov-2017 13:44:19 UTC] PHP   1. {main}() /home/ubuntu/workspace/cwiczenia/bazakotaktów/showcontacts.php:0
[15-Nov-2017 13:44:19 UTC] PHP   2. explode() /home/ubuntu/workspace/cwiczenia/bazakotaktów/showcontacts.php:13
[15-Nov-2017 13:44:19 UTC] PHP Warning:  explode() expects parameter 2 to be string, array given in /home/ubuntu/workspace/cwiczenia/bazakotaktów/showcontacts.php on line 13
[15-Nov-2017 13:44:19 UTC] PHP Stack trace:
[15-Nov-2017 13:44:19 UTC] PHP   1. {main}() /home/ubuntu/workspace/cwiczenia/bazakotaktów/showcontacts.php:0
[15-Nov-2017 13:44:19 UTC] PHP   2. explode() /home/ubuntu/workspace/cwiczenia/bazakotaktów/showcontacts.php:13
[15-Nov-2017 13:44:19 UTC] PHP Warning:  explode() expects parameter 2 to be string, array given in /home/ubuntu/workspace/cwiczenia/bazakotaktów/showcontacts.php on line 13
[15-Nov-2017 13:44:19 UTC] PHP Stack trace:
[15-Nov-2017 13:44:19 UTC] PHP   1. {main}() /home/ubuntu/workspace/cwiczenia/bazakotaktów/showcontacts.php:0
[15-Nov-2017 13:44:19 UTC] PHP   2. explode() /home/ubuntu/workspace/cwiczenia/bazakotaktów/showcontacts.php:13
[15-Nov-2017 13:44:19 UTC] PHP Warning:  explode() expects parameter 2 to be string, array given in /home/ubuntu/workspace/cwiczenia/bazakotaktów/showcontacts.php on line 13
[15-Nov-2017 13:44:19 UTC] PHP Stack trace:
[15-Nov-2017 13:44:19 UTC] PHP   1. {main}() /home/ubuntu/workspace/cwiczenia/bazakotaktów/showcontacts.php:0
[15-Nov-2017 13:44:19 UTC] PHP   2. explode() /home/ubuntu/workspace/cwiczenia/bazakotaktów/showcontacts.php:13
[15-Nov-2017 13:44:19 UTC] PHP Warning:  explode() expects parameter 2 to be string, array given in /home/ubuntu/workspace/cwiczenia/bazakotaktów/showcontacts.php on line 13
[15-Nov-2017 13:44:19 UTC] PHP Stack trace:
[15-Nov-2017 13:44:19 UTC] PHP   1. {main}() /home/ubuntu/workspace/cwiczenia/bazakotaktów/showcontacts.php:0
[15-Nov-2017 13:44:19 UTC] PHP   2. explode() /home/ubuntu/workspace/cwiczenia/bazakotaktów/showcontacts.php:13
[15-Nov-2017 13:44:19 UTC] PHP Warning:  explode() expects parameter 2 to be string, array given in /home/ubuntu/workspace/cwiczenia/bazakotaktów/showcontacts.php on line 13
[15-Nov-2017 13:44:19 UTC] PHP Stack trace:
[15-Nov-2017 13:44:19 UTC] PHP   1. {main}() /home/ubuntu/workspace/cwiczenia/bazakotaktów/showcontacts.php:0
[15-Nov-2017 13:44:19 UTC] PHP   2. explode() /home/ubuntu/workspace/cwiczenia/bazakotaktów/showcontacts.php:13
[15-Nov-2017 13:44:19 UTC] PHP Warning:  explode() expects parameter 2 to be string, array given in /home/ubuntu/workspace/cwiczenia/bazakotaktów/showcontacts.php on line 13
[15-Nov-2017 13:44:19 UTC] PHP Stack trace:
[15-Nov-2017 13:44:19 UTC] PHP   1. {main}() /home/ubuntu/workspace/cwiczenia/bazakotaktów/showcontacts.php:0
[15-Nov-2017 13:44:19 UTC] PHP   2. explode() /home/ubuntu/workspace/cwiczenia/bazakotaktów/showcontacts.php:13
[15-Nov-2017 13:44:21 UTC] PHP Warning:  explode() expects parameter 2 to be string, array given in /home/ubuntu/workspace/cwiczenia/bazakotaktów/showcontacts.php on line 13
[15-Nov-2017 13:44:21 UTC] PHP Stack trace:
[15-Nov-2017 13:44:21 UTC] PHP   1. {main}() /home/ubuntu/workspace/cwiczenia/bazakotaktów/showcontacts.php:0
[15-Nov-2017 13:44:21 UTC] PHP   2. explode() /home/ubuntu/workspace/cwiczenia/bazakotaktów/showcontacts.php:13
[15-Nov-2017 13:44:21 UTC] PHP Warning:  explode() expects parameter 2 to be string, array given in /home/ubuntu/workspace/cwiczenia/bazakotaktów/showcontacts.php on line 13
[15-Nov-2017 13:44:21 UTC] PHP Stack trace:
[15-Nov-2017 13:44:21 UTC] PHP   1. {main}() /home/ubuntu/workspace/cwiczenia/bazakotaktów/showcontacts.php:0
[15-Nov-2017 13:44:21 UTC] PHP   2. explode() /home/ubuntu/workspace/cwiczenia/bazakotaktów/showcontacts.php:13
[15-Nov-2017 13:44:21 UTC] PHP Warning:  explode() expects parameter 2 to be string, array given in /home/ubuntu/workspace/cwiczenia/bazakotaktów/showcontacts.php on line 13
[15-Nov-2017 13:44:21 UTC] PHP Stack trace:
[15-Nov-2017 13:44:21 UTC] PHP   1. {main}() /home/ubuntu/workspace/cwiczenia/bazakotaktów/showcontacts.php:0
[15-Nov-2017 13:44:21 UTC] PHP   2. explode() /home/ubuntu/workspace/cwiczenia/bazakotaktów/showcontacts.php:13
[15-Nov-2017 13:44:21 UTC] PHP Warning:  explode() expects parameter 2 to be string, array given in /home/ubuntu/workspace/cwiczenia/bazakotaktów/showcontacts.php on line 13
[15-Nov-2017 13:44:21 UTC] PHP Stack trace:
[15-Nov-2017 13:44:21 UTC] PHP   1. {main}() /home/ubuntu/workspace/cwiczenia/bazakotaktów/showcontacts.php:0
[15-Nov-2017 13:44:21 UTC] PHP   2. explode() /home/ubuntu/workspace/cwiczenia/bazakotaktów/showcontacts.php:13
[15-Nov-2017 13:44:21 UTC] PHP Warning:  explode() expects parameter 2 to be string, array given in /home/ubuntu/workspace/cwiczenia/bazakotaktów/showcontacts.php on line 13
[15-Nov-2017 13:44:21 UTC] PHP Stack trace:
[15-Nov-2017 13:44:21 UTC] PHP   1. {main}() /home/ubuntu/workspace/cwiczenia/bazakotaktów/showcontacts.php:0
[15-Nov-2017 13:44:21 UTC] PHP   2. explode() /home/ubuntu/workspace/cwiczenia/bazakotaktów/showcontacts.php:13
[15-Nov-2017 13:44:21 UTC] PHP Warning:  explode() expects parameter 2 to be string, array given in /home/ubuntu/workspace/cwiczenia/bazakotaktów/showcontacts.php on line 13
[15-Nov-2017 13:44:21 UTC] PHP Stack trace:
[15-Nov-2017 13:44:21 UTC] PHP   1. {main}() /home/ubuntu/workspace/cwiczenia/bazakotaktów/showcontacts.php:0
[15-Nov-2017 13:44:21 UTC] PHP   2. explode() /home/ubuntu/workspace/cwiczenia/bazakotaktów/showcontacts.php:13
[15-Nov-2017 13:44:21 UTC] PHP Warning:  explode() expects parameter 2 to be string, array given in /home/ubuntu/workspace/cwiczenia/bazakotaktów/showcontacts.php on line 13
[15-Nov-2017 13:44:21 UTC] PHP Stack trace:
[15-Nov-2017 13:44:21 UTC] PHP   1. {main}() /home/ubuntu/workspace/cwiczenia/bazakotaktów/showcontacts.php:0
[15-Nov-2017 13:44:21 UTC] PHP   2. explode() /home/ubuntu/workspace/cwiczenia/bazakotaktów/showcontacts.php:13
[15-Nov-2017 13:46:04 UTC] PHP Warning:  explode() expects parameter 2 to be string, array given in /home/ubuntu/workspace/cwiczenia/bazakotaktów/showcontacts.php on line 13
[15-Nov-2017 13:46:04 UTC] PHP Stack trace:
[15-Nov-2017 13:46:04 UTC] PHP   1. {main}() /home/ubuntu/workspace/cwiczenia/bazakotaktów/showcontacts.php:0
[15-Nov-2017 13:46:04 UTC] PHP   2. explode() /home/ubuntu/workspace/cwiczenia/bazakotaktów/showcontacts.php:13
[15-Nov-2017 13:46:04 UTC] PHP Warning:  explode() expects parameter 2 to be string, array given in /home/ubuntu/workspace/cwiczenia/bazakotaktów/showcontacts.php on line 13
[15-Nov-2017 13:46:04 UTC] PHP Stack trace:
[15-Nov-2017 13:46:04 UTC] PHP   1. {main}() /home/ubuntu/workspace/cwiczenia/bazakotaktów/showcontacts.php:0
[15-Nov-2017 13:46:04 UTC] PHP   2. explode() /home/ubuntu/workspace/cwiczenia/bazakotaktów/showcontacts.php:13
[15-Nov-2017 13:46:04 UTC] PHP Warning:  explode() expects parameter 2 to be string, array given in /home/ubuntu/workspace/cwiczenia/bazakotaktów/showcontacts.php on line 13
[15-Nov-2017 13:46:04 UTC] PHP Stack trace:
[15-Nov-2017 13:46:04 UTC] PHP   1. {main}() /home/ubuntu/workspace/cwiczenia/bazakotaktów/showcontacts.php:0
[15-Nov-2017 13:46:04 UTC] PHP   2. explode() /home/ubuntu/workspace/cwiczenia/bazakotaktów/showcontacts.php:13
[15-Nov-2017 13:46:04 UTC] PHP Warning:  explode() expects parameter 2 to be string, array given in /home/ubuntu/workspace/cwiczenia/bazakotaktów/showcontacts.php on line 13
[15-Nov-2017 13:46:04 UTC] PHP Stack trace:
[15-Nov-2017 13:46:04 UTC] PHP   1. {main}() /home/ubuntu/workspace/cwiczenia/bazakotaktów/showcontacts.php:0
[15-Nov-2017 13:46:04 UTC] PHP   2. explode() /home/ubuntu/workspace/cwiczenia/bazakotaktów/showcontacts.php:13
[15-Nov-2017 13:46:04 UTC] PHP Warning:  explode() expects parameter 2 to be string, array given in /home/ubuntu/workspace/cwiczenia/bazakotaktów/showcontacts.php on line 13
[15-Nov-2017 13:46:04 UTC] PHP Stack trace:
[15-Nov-2017 13:46:04 UTC] PHP   1. {main}() /home/ubuntu/workspace/cwiczenia/bazakotaktów/showcontacts.php:0
[15-Nov-2017 13:46:04 UTC] PHP   2. explode() /home/ubuntu/workspace/cwiczenia/bazakotaktów/showcontacts.php:13
[15-Nov-2017 13:46:04 UTC] PHP Warning:  explode() expects parameter 2 to be string, array given in /home/ubuntu/workspace/cwiczenia/bazakotaktów/showcontacts.php on line 13
[15-Nov-2017 13:46:04 UTC] PHP Stack trace:
[15-Nov-2017 13:46:04 UTC] PHP   1. {main}() /home/ubuntu/workspace/cwiczenia/bazakotaktów/showcontacts.php:0
[15-Nov-2017 13:46:04 UTC] PHP   2. explode() /home/ubuntu/workspace/cwiczenia/bazakotaktów/showcontacts.php:13
[15-Nov-2017 13:46:04 UTC] PHP Warning:  explode() expects parameter 2 to be string, array given in /home/ubuntu/workspace/cwiczenia/bazakotaktów/showcontacts.php on line 13
[15-Nov-2017 13:46:04 UTC] PHP Stack trace:
[15-Nov-2017 13:46:04 UTC] PHP   1. {main}() /home/ubuntu/workspace/cwiczenia/bazakotaktów/showcontacts.php:0
[15-Nov-2017 13:46:04 UTC] PHP   2. explode() /home/ubuntu/workspace/cwiczenia/bazakotaktów/showcontacts.php:13
[15-Nov-2017 13:46:12 UTC] PHP Warning:  explode() expects parameter 2 to be string, array given in /home/ubuntu/workspace/cwiczenia/bazakotaktów/showcontacts.php on line 13
[15-Nov-2017 13:46:12 UTC] PHP Stack trace:
[15-Nov-2017 13:46:12 UTC] PHP   1. {main}() /home/ubuntu/workspace/cwiczenia/bazakotaktów/showcontacts.php:0
[15-Nov-2017 13:46:12 UTC] PHP   2. explode() /home/ubuntu/workspace/cwiczenia/bazakotaktów/showcontacts.php:13
[15-Nov-2017 13:46:12 UTC] PHP Warning:  explode() expects parameter 2 to be string, array given in /home/ubuntu/workspace/cwiczenia/bazakotaktów/showcontacts.php on line 13
[15-Nov-2017 13:46:12 UTC] PHP Stack trace:
[15-Nov-2017 13:46:12 UTC] PHP   1. {main}() /home/ubuntu/workspace/cwiczenia/bazakotaktów/showcontacts.php:0
[15-Nov-2017 13:46:12 UTC] PHP   2. explode() /home/ubuntu/workspace/cwiczenia/bazakotaktów/showcontacts.php:13
[15-Nov-2017 13:46:12 UTC] PHP Warning:  explode() expects parameter 2 to be string, array given in /home/ubuntu/workspace/cwiczenia/bazakotaktów/showcontacts.php on line 13
[15-Nov-2017 13:46:12 UTC] PHP Stack trace:
[15-Nov-2017 13:46:12 UTC] PHP   1. {main}() /home/ubuntu/workspace/cwiczenia/bazakotaktów/showcontacts.php:0
[15-Nov-2017 13:46:12 UTC] PHP   2. explode() /home/ubuntu/workspace/cwiczenia/bazakotaktów/showcontacts.php:13
[15-Nov-2017 13:46:12 UTC] PHP Warning:  explode() expects parameter 2 to be string, array given in /home/ubuntu/workspace/cwiczenia/bazakotaktów/showcontacts.php on line 13
[15-Nov-2017 13:46:12 UTC] PHP Stack trace:
[15-Nov-2017 13:46:12 UTC] PHP   1. {main}() /home/ubuntu/workspace/cwiczenia/bazakotaktów/showcontacts.php:0
[15-Nov-2017 13:46:12 UTC] PHP   2. explode() /home/ubuntu/workspace/cwiczenia/bazakotaktów/showcontacts.php:13
[15-Nov-2017 13:46:12 UTC] PHP Warning:  explode() expects parameter 2 to be string, array given in /home/ubuntu/workspace/cwiczenia/bazakotaktów/showcontacts.php on line 13
[15-Nov-2017 13:46:12 UTC] PHP Stack trace:
[15-Nov-2017 13:46:12 UTC] PHP   1. {main}() /home/ubuntu/workspace/cwiczenia/bazakotaktów/showcontacts.php:0
[15-Nov-2017 13:46:12 UTC] PHP   2. explode() /home/ubuntu/workspace/cwiczenia/bazakotaktów/showcontacts.php:13
[15-Nov-2017 13:46:12 UTC] PHP Warning:  explode() expects parameter 2 to be string, array given in /home/ubuntu/workspace/cwiczenia/bazakotaktów/showcontacts.php on line 13
[15-Nov-2017 13:46:12 UTC] PHP Stack trace:
[15-Nov-2017 13:46:12 UTC] PHP   1. {main}() /home/ubuntu/workspace/cwiczenia/bazakotaktów/showcontacts.php:0
[15-Nov-2017 13:46:12 UTC] PHP   2. explode() /home/ubuntu/workspace/cwiczenia/bazakotaktów/showcontacts.php:13
[15-Nov-2017 13:46:12 UTC] PHP Warning:  explode() expects parameter 2 to be string, array given in /home/ubuntu/workspace/cwiczenia/bazakotaktów/showcontacts.php on line 13
[15-Nov-2017 13:46:12 UTC] PHP Stack trace:
[15-Nov-2017 13:46:12 UTC] PHP   1. {main}() /home/ubuntu/workspace/cwiczenia/bazakotaktów/showcontacts.php:0
[15-Nov-2017 13:46:12 UTC] PHP   2. explode() /home/ubuntu/workspace/cwiczenia/bazakotaktów/showcontacts.php:13
[15-Nov-2017 13:49:08 UTC] PHP Parse error:  syntax error, unexpected '[', expecting ']' in /home/ubuntu/workspace/cwiczenia/bazakotaktów/showcontacts.php on line 13
[15-Nov-2017 13:56:32 UTC] PHP Parse error:  syntax error, unexpected 'while' (T_WHILE), expecting ',' or ';' in /home/ubuntu/workspace/cwiczenia/bazakotaktów/showcontacts.php on line 22
[15-Nov-2017 13:56:48 UTC] PHP Parse error:  syntax error, unexpected 'while' (T_WHILE), expecting ',' or ';' in /home/ubuntu/workspace/cwiczenia/bazakotaktów/showcontacts.php on line 22
[15-Nov-2017 14:03:07 UTC] PHP Warning:  Illegal string offset 'id_category' in /home/ubuntu/workspace/cwiczenia/bazakotaktów/showcontacts.php on line 31
[15-Nov-2017 14:03:07 UTC] PHP Stack trace:
[15-Nov-2017 14:03:07 UTC] PHP   1. {main}() /home/ubuntu/workspace/cwiczenia/bazakotaktów/showcontacts.php:0
[15-Nov-2017 14:03:07 UTC] PHP Warning:  Illegal string offset 'cat_name' in /home/ubuntu/workspace/cwiczenia/bazakotaktów/showcontacts.php on line 31
[15-Nov-2017 14:03:07 UTC] PHP Stack trace:
[15-Nov-2017 14:03:07 UTC] PHP   1. {main}() /home/ubuntu/workspace/cwiczenia/bazakotaktów/showcontacts.php:0
[15-Nov-2017 14:03:07 UTC] PHP Warning:  Illegal string offset 'id_category' in /home/ubuntu/workspace/cwiczenia/bazakotaktów/showcontacts.php on line 31
[15-Nov-2017 14:03:07 UTC] PHP Stack trace:
[15-Nov-2017 14:03:07 UTC] PHP   1. {main}() /home/ubuntu/workspace/cwiczenia/bazakotaktów/showcontacts.php:0
[15-Nov-2017 14:03:07 UTC] PHP Warning:  Illegal string offset 'cat_name' in /home/ubuntu/workspace/cwiczenia/bazakotaktów/showcontacts.php on line 31
[15-Nov-2017 14:03:07 UTC] PHP Stack trace:
[15-Nov-2017 14:03:07 UTC] PHP   1. {main}() /home/ubuntu/workspace/cwiczenia/bazakotaktów/showcontacts.php:0
[15-Nov-2017 14:03:07 UTC] PHP Warning:  Illegal string offset 'id_category' in /home/ubuntu/workspace/cwiczenia/bazakotaktów/showcontacts.php on line 31
[15-Nov-2017 14:03:07 UTC] PHP Stack trace:
[15-Nov-2017 14:03:07 UTC] PHP   1. {main}() /home/ubuntu/workspace/cwiczenia/bazakotaktów/showcontacts.php:0
[15-Nov-2017 14:03:07 UTC] PHP Warning:  Illegal string offset 'cat_name' in /home/ubuntu/workspace/cwiczenia/bazakotaktów/showcontacts.php on line 31
[15-Nov-2017 14:03:07 UTC] PHP Stack trace:
[15-Nov-2017 14:03:07 UTC] PHP   1. {main}() /home/ubuntu/workspace/cwiczenia/bazakotaktów/showcontacts.php:0
[15-Nov-2017 14:03:07 UTC] PHP Warning:  Illegal string offset 'id_category' in /home/ubuntu/workspace/cwiczenia/bazakotaktów/showcontacts.php on line 31
[15-Nov-2017 14:03:07 UTC] PHP Stack trace:
[15-Nov-2017 14:03:07 UTC] PHP   1. {main}() /home/ubuntu/workspace/cwiczenia/bazakotaktów/showcontacts.php:0
[15-Nov-2017 14:03:07 UTC] PHP Warning:  Illegal string offset 'cat_name' in /home/ubuntu/workspace/cwiczenia/bazakotaktów/showcontacts.php on line 31
[15-Nov-2017 14:03:07 UTC] PHP Stack trace:
[15-Nov-2017 14:03:07 UTC] PHP   1. {main}() /home/ubuntu/workspace/cwiczenia/bazakotaktów/showcontacts.php:0
[15-Nov-2017 14:03:07 UTC] PHP Warning:  Illegal string offset 'id_category' in /home/ubuntu/workspace/cwiczenia/bazakotaktów/showcontacts.php on line 31
[15-Nov-2017 14:03:07 UTC] PHP Stack trace:
[15-Nov-2017 14:03:07 UTC] PHP   1. {main}() /home/ubuntu/workspace/cwiczenia/bazakotaktów/showcontacts.php:0
[15-Nov-2017 14:03:07 UTC] PHP Warning:  Illegal string offset 'cat_name' in /home/ubuntu/workspace/cwiczenia/bazakotaktów/showcontacts.php on line 31
[15-Nov-2017 14:03:07 UTC] PHP Stack trace:
[15-Nov-2017 14:03:07 UTC] PHP   1. {main}() /home/ubuntu/workspace/cwiczenia/bazakotaktów/showcontacts.php:0
[15-Nov-2017 14:03:07 UTC] PHP Warning:  Illegal string offset 'id_category' in /home/ubuntu/workspace/cwiczenia/bazakotaktów/showcontacts.php on line 31
[15-Nov-2017 14:03:07 UTC] PHP Stack trace:
[15-Nov-2017 14:03:07 UTC] PHP   1. {main}() /home/ubuntu/workspace/cwiczenia/bazakotaktów/showcontacts.php:0
[15-Nov-2017 14:03:07 UTC] PHP Warning:  Illegal string offset 'cat_name' in /home/ubuntu/workspace/cwiczenia/bazakotaktów/showcontacts.php on line 31
[15-Nov-2017 14:03:07 UTC] PHP Stack trace:
[15-Nov-2017 14:03:07 UTC] PHP   1. {main}() /home/ubuntu/workspace/cwiczenia/bazakotaktów/showcontacts.php:0
[15-Nov-2017 14:04:06 UTC] PHP Warning:  Illegal string offset 'name' in /home/ubuntu/workspace/cwiczenia/bazakotaktów/showcontacts.php on line 31
[15-Nov-2017 14:04:06 UTC] PHP Stack trace:
[15-Nov-2017 14:04:06 UTC] PHP   1. {main}() /home/ubuntu/workspace/cwiczenia/bazakotaktów/showcontacts.php:0
[15-Nov-2017 14:04:06 UTC] PHP Warning:  Illegal string offset 'name' in /home/ubuntu/workspace/cwiczenia/bazakotaktów/showcontacts.php on line 31
[15-Nov-2017 14:04:06 UTC] PHP Stack trace:
[15-Nov-2017 14:04:06 UTC] PHP   1. {main}() /home/ubuntu/workspace/cwiczenia/bazakotaktów/showcontacts.php:0
[15-Nov-2017 14:04:06 UTC] PHP Warning:  Illegal string offset 'name' in /home/ubuntu/workspace/cwiczenia/bazakotaktów/showcontacts.php on line 31
[15-Nov-2017 14:04:06 UTC] PHP Stack trace:
[15-Nov-2017 14:04:06 UTC] PHP   1. {main}() /home/ubuntu/workspace/cwiczenia/bazakotaktów/showcontacts.php:0
[15-Nov-2017 14:04:06 UTC] PHP Warning:  Illegal string offset 'name' in /home/ubuntu/workspace/cwiczenia/bazakotaktów/showcontacts.php on line 31
[15-Nov-2017 14:04:06 UTC] PHP Stack trace:
[15-Nov-2017 14:04:06 UTC] PHP   1. {main}() /home/ubuntu/workspace/cwiczenia/bazakotaktów/showcontacts.php:0
[15-Nov-2017 14:04:06 UTC] PHP Warning:  Illegal string offset 'name' in /home/ubuntu/workspace/cwiczenia/bazakotaktów/showcontacts.php on line 31
[15-Nov-2017 14:04:06 UTC] PHP Stack trace:
[15-Nov-2017 14:04:06 UTC] PHP   1. {main}() /home/ubuntu/workspace/cwiczenia/bazakotaktów/showcontacts.php:0
[15-Nov-2017 14:04:06 UTC] PHP Warning:  Illegal string offset 'name' in /home/ubuntu/workspace/cwiczenia/bazakotaktów/showcontacts.php on line 31
[15-Nov-2017 14:04:06 UTC] PHP Stack trace:
[15-Nov-2017 14:04:06 UTC] PHP   1. {main}() /home/ubuntu/workspace/cwiczenia/bazakotaktów/showcontacts.php:0
[15-Nov-2017 14:04:06 UTC] PHP Warning:  Illegal string offset 'name' in /home/ubuntu/workspace/cwiczenia/bazakotaktów/showcontacts.php on line 31
[15-Nov-2017 14:04:06 UTC] PHP Stack trace:
[15-Nov-2017 14:04:06 UTC] PHP   1. {main}() /home/ubuntu/workspace/cwiczenia/bazakotaktów/showcontacts.php:0
[15-Nov-2017 14:04:06 UTC] PHP Warning:  Illegal string offset 'name' in /home/ubuntu/workspace/cwiczenia/bazakotaktów/showcontacts.php on line 31
[15-Nov-2017 14:04:06 UTC] PHP Stack trace:
[15-Nov-2017 14:04:06 UTC] PHP   1. {main}() /home/ubuntu/workspace/cwiczenia/bazakotaktów/showcontacts.php:0
[15-Nov-2017 14:04:06 UTC] PHP Warning:  Illegal string offset 'name' in /home/ubuntu/workspace/cwiczenia/bazakotaktów/showcontacts.php on line 31
[15-Nov-2017 14:04:06 UTC] PHP Stack trace:
[15-Nov-2017 14:04:06 UTC] PHP   1. {main}() /home/ubuntu/workspace/cwiczenia/bazakotaktów/showcontacts.php:0
[15-Nov-2017 14:04:06 UTC] PHP Warning:  Illegal string offset 'name' in /home/ubuntu/workspace/cwiczenia/bazakotaktów/showcontacts.php on line 31
[15-Nov-2017 14:04:06 UTC] PHP Stack trace:
[15-Nov-2017 14:04:06 UTC] PHP   1. {main}() /home/ubuntu/workspace/cwiczenia/bazakotaktów/showcontacts.php:0
[15-Nov-2017 14:04:06 UTC] PHP Warning:  Illegal string offset 'name' in /home/ubuntu/workspace/cwiczenia/bazakotaktów/showcontacts.php on line 31
[15-Nov-2017 14:04:06 UTC] PHP Stack trace:
[15-Nov-2017 14:04:06 UTC] PHP   1. {main}() /home/ubuntu/workspace/cwiczenia/bazakotaktów/showcontacts.php:0
[15-Nov-2017 14:04:06 UTC] PHP Warning:  Illegal string offset 'name' in /home/ubuntu/workspace/cwiczenia/bazakotaktów/showcontacts.php on line 31
[15-Nov-2017 14:04:06 UTC] PHP Stack trace:
[15-Nov-2017 14:04:06 UTC] PHP   1. {main}() /home/ubuntu/workspace/cwiczenia/bazakotaktów/showcontacts.php:0
[16-Nov-2017 08:32:06 UTC] PHP Parse error:  syntax error, unexpected 'submit' (T_STRING), expecting ',' or ';' in /home/ubuntu/workspace/cwiczenia/bazakotaktów/editcontacts.php on line 31
[16-Nov-2017 08:32:34 UTC] PHP Parse error:  syntax error, unexpected 'fclose' (T_STRING), expecting ',' or ';' in /home/ubuntu/workspace/cwiczenia/bazakotaktów/editcontacts.php on line 34
[27-Nov-2017 08:28:43 UTC] PHP Parse error:  syntax error, unexpected '$_POST' (T_VARIABLE) in /home/ubuntu/workspace/cwiczenia/obiektowy/calc.php on line 5
[27-Nov-2017 08:35:01 UTC] PHP Fatal error:  Call to undefined function Dzielenie() in /home/ubuntu/workspace/cwiczenia/obiektowy/calc.php on line 43
[27-Nov-2017 08:35:01 UTC] PHP Stack trace:
[27-Nov-2017 08:35:01 UTC] PHP   1. {main}() /home/ubuntu/workspace/cwiczenia/obiektowy/calc.php:0
[30-Nov-2017 19:16:02 UTC] PHP Warning:  Division by zero in /home/ubuntu/workspace/cwiczenia/obiektowy/index.php on line 60
[30-Nov-2017 19:16:02 UTC] PHP Stack trace:
[30-Nov-2017 19:16:02 UTC] PHP   1. {main}() /home/ubuntu/workspace/cwiczenia/obiektowy/index.php:0
[30-Nov-2017 19:16:02 UTC] PHP   2. Calculator->Pierwiastkowanie() /home/ubuntu/workspace/cwiczenia/obiektowy/index.php:91
[30-Nov-2017 19:16:21 UTC] PHP Warning:  Division by zero in /home/ubuntu/workspace/cwiczenia/obiektowy/index.php on line 60
[30-Nov-2017 19:16:21 UTC] PHP Stack trace:
[30-Nov-2017 19:16:21 UTC] PHP   1. {main}() /home/ubuntu/workspace/cwiczenia/obiektowy/index.php:0
[30-Nov-2017 19:16:21 UTC] PHP   2. Calculator->Pierwiastkowanie() /home/ubuntu/workspace/cwiczenia/obiektowy/index.php:91
[30-Nov-2017 19:43:16 UTC] PHP Warning:  Division by zero in /home/ubuntu/workspace/cwiczenia/obiektowy/index.php on line 52
[30-Nov-2017 19:43:16 UTC] PHP Stack trace:
[30-Nov-2017 19:43:16 UTC] PHP   1. {main}() /home/ubuntu/workspace/cwiczenia/obiektowy/index.php:0
[30-Nov-2017 19:43:16 UTC] PHP   2. Calculator->Dzielenie() /home/ubuntu/workspace/cwiczenia/obiektowy/index.php:92
[05-Dec-2017 11:13:49 UTC] PHP Parse error:  syntax error, unexpected ';' in /home/ubuntu/workspace/cwiczenia/baza kontaktów mysql/index.php on line 20
[05-Dec-2017 11:16:42 UTC] PHP Warning:  sprintf(): Too few arguments in /home/ubuntu/workspace/cwiczenia/baza kontaktów mysql/index.php on line 21
[05-Dec-2017 11:16:42 UTC] PHP Stack trace:
[05-Dec-2017 11:16:42 UTC] PHP   1. {main}() /home/ubuntu/workspace/cwiczenia/baza kontaktów mysql/index.php:0
[05-Dec-2017 11:16:42 UTC] PHP   2. sprintf() /home/ubuntu/workspace/cwiczenia/baza kontaktów mysql/index.php:21
[05-Dec-2017 11:17:11 UTC] PHP Parse error:  syntax error, unexpected ')' in /home/ubuntu/workspace/cwiczenia/baza kontaktów mysql/index.php on line 21
[05-Dec-2017 11:19:49 UTC] PHP Warning:  mysql_query(): Access denied for user ''@'localhost' (using password: NO) in /home/ubuntu/workspace/cwiczenia/baza kontaktów mysql/index.php on line 25
[05-Dec-2017 11:19:49 UTC] PHP Stack trace:
[05-Dec-2017 11:19:49 UTC] PHP   1. {main}() /home/ubuntu/workspace/cwiczenia/baza kontaktów mysql/index.php:0
[05-Dec-2017 11:19:49 UTC] PHP   2. mysql_query() /home/ubuntu/workspace/cwiczenia/baza kontaktów mysql/index.php:25
[05-Dec-2017 11:19:49 UTC] PHP Warning:  mysql_query(): A link to the server could not be established in /home/ubuntu/workspace/cwiczenia/baza kontaktów mysql/index.php on line 25
[05-Dec-2017 11:19:49 UTC] PHP Stack trace:
[05-Dec-2017 11:19:49 UTC] PHP   1. {main}() /home/ubuntu/workspace/cwiczenia/baza kontaktów mysql/index.php:0
[05-Dec-2017 11:19:49 UTC] PHP   2. mysql_query() /home/ubuntu/workspace/cwiczenia/baza kontaktów mysql/index.php:25
[05-Dec-2017 11:21:20 UTC] PHP Warning:  mysql_query(): Access denied for user ''@'localhost' (using password: NO) in /home/ubuntu/workspace/cwiczenia/baza kontaktów mysql/index.php on line 25
[05-Dec-2017 11:21:20 UTC] PHP Stack trace:
[05-Dec-2017 11:21:20 UTC] PHP   1. {main}() /home/ubuntu/workspace/cwiczenia/baza kontaktów mysql/index.php:0
[05-Dec-2017 11:21:20 UTC] PHP   2. mysql_query() /home/ubuntu/workspace/cwiczenia/baza kontaktów mysql/index.php:25
[05-Dec-2017 11:21:20 UTC] PHP Warning:  mysql_query(): A link to the server could not be established in /home/ubuntu/workspace/cwiczenia/baza kontaktów mysql/index.php on line 25
[05-Dec-2017 11:21:20 UTC] PHP Stack trace:
[05-Dec-2017 11:21:20 UTC] PHP   1. {main}() /home/ubuntu/workspace/cwiczenia/baza kontaktów mysql/index.php:0
[05-Dec-2017 11:21:20 UTC] PHP   2. mysql_query() /home/ubuntu/workspace/cwiczenia/baza kontaktów mysql/index.php:25
[05-Dec-2017 11:29:11 UTC] PHP Fatal error:  Cannot use object of type stdClass as array in /home/ubuntu/workspace/cwiczenia/baza kontaktów mysql/index.php on line 12
[05-Dec-2017 11:29:11 UTC] PHP Stack trace:
[05-Dec-2017 11:29:11 UTC] PHP   1. {main}() /home/ubuntu/workspace/cwiczenia/baza kontaktów mysql/index.php:0
[05-Dec-2017 11:30:38 UTC] PHP Fatal error:  Cannot use object of type stdClass as array in /home/ubuntu/workspace/cwiczenia/baza kontaktów mysql/index.php on line 10
[05-Dec-2017 11:30:38 UTC] PHP Stack trace:
[05-Dec-2017 11:30:38 UTC] PHP   1. {main}() /home/ubuntu/workspace/cwiczenia/baza kontaktów mysql/index.php:0
[05-Dec-2017 17:13:27 UTC] PHP Fatal error:  Cannot use object of type stdClass as array in /home/ubuntu/workspace/cwiczenia/baza kontaktów mysql/index.php on line 10
[05-Dec-2017 17:13:27 UTC] PHP Stack trace:
[05-Dec-2017 17:13:27 UTC] PHP   1. {main}() /home/ubuntu/workspace/cwiczenia/baza kontaktów mysql/index.php:0
[05-Dec-2017 17:14:12 UTC] PHP Fatal error:  Cannot use object of type stdClass as array in /home/ubuntu/workspace/cwiczenia/baza kontaktów mysql/index.php on line 12
[05-Dec-2017 17:14:12 UTC] PHP Stack trace:
[05-Dec-2017 17:14:12 UTC] PHP   1. {main}() /home/ubuntu/workspace/cwiczenia/baza kontaktów mysql/index.php:0
[05-Dec-2017 17:17:17 UTC] PHP Fatal error:  Cannot use object of type stdClass as array in /home/ubuntu/workspace/cwiczenia/baza kontaktów mysql/index.php on line 12
[05-Dec-2017 17:17:17 UTC] PHP Stack trace:
[05-Dec-2017 17:17:17 UTC] PHP   1. {main}() /home/ubuntu/workspace/cwiczenia/baza kontaktów mysql/index.php:0
[05-Dec-2017 17:19:00 UTC] PHP Fatal error:  Cannot use object of type stdClass as array in /home/ubuntu/workspace/cwiczenia/baza kontaktów mysql/index.php on line 12
[05-Dec-2017 17:19:00 UTC] PHP Stack trace:
[05-Dec-2017 17:19:00 UTC] PHP   1. {main}() /home/ubuntu/workspace/cwiczenia/baza kontaktów mysql/index.php:0
[05-Dec-2017 19:05:00 UTC] PHP Fatal error:  Cannot use object of type mysqli_result as array in /home/ubuntu/workspace/cwiczenia/baza kontaktów mysql/index.php on line 15
[05-Dec-2017 19:05:00 UTC] PHP Stack trace:
[05-Dec-2017 19:05:00 UTC] PHP   1. {main}() /home/ubuntu/workspace/cwiczenia/baza kontaktów mysql/index.php:0
[05-Dec-2017 19:05:44 UTC] PHP Fatal error:  Cannot use object of type stdClass as array in /home/ubuntu/workspace/cwiczenia/baza kontaktów mysql/index.php on line 15
[05-Dec-2017 19:05:44 UTC] PHP Stack trace:
[05-Dec-2017 19:05:44 UTC] PHP   1. {main}() /home/ubuntu/workspace/cwiczenia/baza kontaktów mysql/index.php:0
[05-Dec-2017 19:36:41 UTC] PHP Fatal error:  Cannot use object of type stdClass as array in /home/ubuntu/workspace/cwiczenia/baza kontaktów mysql/index.php on line 15
[05-Dec-2017 19:36:41 UTC] PHP Stack trace:
[05-Dec-2017 19:36:41 UTC] PHP   1. {main}() /home/ubuntu/workspace/cwiczenia/baza kontaktów mysql/index.php:0
[05-Dec-2017 19:38:32 UTC] PHP Fatal error:  Cannot use object of type stdClass as array in /home/ubuntu/workspace/cwiczenia/baza kontaktów mysql/index.php on line 15
[05-Dec-2017 19:38:32 UTC] PHP Stack trace:
[05-Dec-2017 19:38:32 UTC] PHP   1. {main}() /home/ubuntu/workspace/cwiczenia/baza kontaktów mysql/index.php:0
[05-Dec-2017 19:40:45 UTC] PHP Fatal error:  Cannot use object of type mysqli_result as array in /home/ubuntu/workspace/cwiczenia/baza kontaktów mysql/index.php on line 16
[05-Dec-2017 19:40:45 UTC] PHP Stack trace:
[05-Dec-2017 19:40:45 UTC] PHP   1. {main}() /home/ubuntu/workspace/cwiczenia/baza kontaktów mysql/index.php:0
[05-Dec-2017 19:44:11 UTC] PHP Parse error:  syntax error, unexpected '' (T_ENCAPSED_AND_WHITESPACE), expecting identifier (T_STRING) or variable (T_VARIABLE) or number (T_NUM_STRING) in /home/ubuntu/workspace/cwiczenia/baza kontaktów mysql/index.php on line 15
[05-Dec-2017 20:30:04 UTC] PHP Parse error:  syntax error, unexpected '' (T_ENCAPSED_AND_WHITESPACE), expecting identifier (T_STRING) or variable (T_VARIABLE) or number (T_NUM_STRING) in /home/ubuntu/workspace/cwiczenia/baza kontaktów mysql/index.php on line 15
[05-Dec-2017 20:30:07 UTC] PHP Parse error:  syntax error, unexpected '' (T_ENCAPSED_AND_WHITESPACE), expecting identifier (T_STRING) or variable (T_VARIABLE) or number (T_NUM_STRING) in /home/ubuntu/workspace/cwiczenia/baza kontaktów mysql/index.php on line 15
[06-Dec-2017 06:08:33 UTC] PHP Fatal error:  Cannot use object of type stdClass as array in /home/ubuntu/workspace/cwiczenia/baza kontaktów mysql/index.php on line 16
[06-Dec-2017 06:08:33 UTC] PHP Stack trace:
[06-Dec-2017 06:08:33 UTC] PHP   1. {main}() /home/ubuntu/workspace/cwiczenia/baza kontaktów mysql/index.php:0
[06-Dec-2017 06:09:10 UTC] PHP Fatal error:  Cannot use object of type mysqli_result as array in /home/ubuntu/workspace/cwiczenia/baza kontaktów mysql/index.php on line 16
[06-Dec-2017 06:09:10 UTC] PHP Stack trace:
[06-Dec-2017 06:09:10 UTC] PHP   1. {main}() /home/ubuntu/workspace/cwiczenia/baza kontaktów mysql/index.php:0
[06-Dec-2017 06:10:47 UTC] PHP Fatal error:  Cannot use object of type mysqli_result as array in /home/ubuntu/workspace/cwiczenia/baza kontaktów mysql/index.php on line 16
[06-Dec-2017 06:10:47 UTC] PHP Stack trace:
[06-Dec-2017 06:10:47 UTC] PHP   1. {main}() /home/ubuntu/workspace/cwiczenia/baza kontaktów mysql/index.php:0
[06-Dec-2017 11:44:55 UTC] PHP Parse error:  syntax error, unexpected end of file in /home/ubuntu/workspace/cwiczenia/baza kontaktów mysql/records.php on line 33
[06-Dec-2017 11:44:58 UTC] PHP Parse error:  syntax error, unexpected end of file in /home/ubuntu/workspace/cwiczenia/baza kontaktów mysql/records.php on line 33
[06-Dec-2017 11:45:13 UTC] PHP Parse error:  syntax error, unexpected end of file in /home/ubuntu/workspace/cwiczenia/baza kontaktów mysql/records.php on line 33
[06-Dec-2017 11:45:17 UTC] PHP Parse error:  syntax error, unexpected end of file in /home/ubuntu/workspace/cwiczenia/baza kontaktów mysql/records.php on line 33
[06-Dec-2017 11:45:33 UTC] PHP Parse error:  syntax error, unexpected end of file in /home/ubuntu/workspace/cwiczenia/baza kontaktów mysql/records.php on line 31
[06-Dec-2017 11:57:22 UTC] PHP Parse error:  syntax error, unexpected '}' in /home/ubuntu/workspace/cwiczenia/baza kontaktów mysql/records.php on line 28
[06-Dec-2017 11:57:37 UTC] PHP Parse error:  syntax error, unexpected '}' in /home/ubuntu/workspace/cwiczenia/baza kontaktów mysql/records.php on line 28
[06-Dec-2017 11:58:36 UTC] PHP Parse error:  syntax error, unexpected '}' in /home/ubuntu/workspace/cwiczenia/baza kontaktów mysql/records.php on line 29
[06-Dec-2017 11:58:38 UTC] PHP Parse error:  syntax error, unexpected '}' in /home/ubuntu/workspace/cwiczenia/baza kontaktów mysql/records.php on line 29
[06-Dec-2017 11:59:07 UTC] PHP Parse error:  syntax error, unexpected '}' in /home/ubuntu/workspace/cwiczenia/baza kontaktów mysql/records.php on line 29
[06-Dec-2017 11:59:58 UTC] PHP Parse error:  syntax error, unexpected '}', expecting ',' or ';' in /home/ubuntu/workspace/cwiczenia/baza kontaktów mysql/records.php on line 29
[06-Dec-2017 16:18:10 UTC] PHP Fatal error:  Call to a member function prepare() on a non-object in /home/ubuntu/workspace/cwiczenia/baza kontaktów mysql/records.php on line 32
[06-Dec-2017 16:18:10 UTC] PHP Stack trace:
[06-Dec-2017 16:18:10 UTC] PHP   1. {main}() /home/ubuntu/workspace/cwiczenia/baza kontaktów mysql/records.php:0
[06-Dec-2017 17:03:11 UTC] PHP Fatal error:  Call to a member function query() on a non-object in /home/ubuntu/workspace/cwiczenia/baza kontaktów mysql/records.php on line 33
[06-Dec-2017 17:03:11 UTC] PHP Stack trace:
[06-Dec-2017 17:03:11 UTC] PHP   1. {main}() /home/ubuntu/workspace/cwiczenia/baza kontaktów mysql/records.php:0
[06-Dec-2017 17:18:59 UTC] PHP Parse error:  syntax error, unexpected '}' in /home/ubuntu/workspace/cwiczenia/baza kontaktów mysql/records.php on line 54
[06-Dec-2017 17:19:28 UTC] PHP Parse error:  syntax error, unexpected '}' in /home/ubuntu/workspace/cwiczenia/baza kontaktów mysql/records.php on line 54
[06-Dec-2017 18:01:07 UTC] PHP Fatal error:  Call to a member function query() on a non-object in /home/ubuntu/workspace/cwiczenia/baza kontaktów mysql/records.php on line 51
[06-Dec-2017 18:01:07 UTC] PHP Stack trace:
[06-Dec-2017 18:01:07 UTC] PHP   1. {main}() /home/ubuntu/workspace/cwiczenia/baza kontaktów mysql/records.php:0
[06-Dec-2017 18:01:15 UTC] PHP Fatal error:  Call to a member function query() on a non-object in /home/ubuntu/workspace/cwiczenia/baza kontaktów mysql/records.php on line 51
[06-Dec-2017 18:01:15 UTC] PHP Stack trace:
[06-Dec-2017 18:01:15 UTC] PHP   1. {main}() /home/ubuntu/workspace/cwiczenia/baza kontaktów mysql/records.php:0
[06-Dec-2017 18:01:42 UTC] PHP Fatal error:  Call to a member function query() on a non-object in /home/ubuntu/workspace/cwiczenia/baza kontaktów mysql/records.php on line 51
[06-Dec-2017 18:01:42 UTC] PHP Stack trace:
[06-Dec-2017 18:01:42 UTC] PHP   1. {main}() /home/ubuntu/workspace/cwiczenia/baza kontaktów mysql/records.php:0
[06-Dec-2017 18:01:50 UTC] PHP Fatal error:  Call to a member function query() on a non-object in /home/ubuntu/workspace/cwiczenia/baza kontaktów mysql/records.php on line 51
[06-Dec-2017 18:01:50 UTC] PHP Stack trace:
[06-Dec-2017 18:01:50 UTC] PHP   1. {main}() /home/ubuntu/workspace/cwiczenia/baza kontaktów mysql/records.php:0
[06-Dec-2017 18:03:38 UTC] PHP Fatal error:  Call to a member function query() on a non-object in /home/ubuntu/workspace/cwiczenia/baza kontaktów mysql/records.php on line 51
[06-Dec-2017 18:03:38 UTC] PHP Stack trace:
[06-Dec-2017 18:03:38 UTC] PHP   1. {main}() /home/ubuntu/workspace/cwiczenia/baza kontaktów mysql/records.php:0
[06-Dec-2017 18:12:32 UTC] PHP Parse error:  syntax error, unexpected '$news' (T_VARIABLE) in /home/ubuntu/workspace/cwiczenia/baza kontaktów mysql/records.php on line 56
[06-Dec-2017 18:12:59 UTC] PHP Parse error:  syntax error, unexpected '$news' (T_VARIABLE) in /home/ubuntu/workspace/cwiczenia/baza kontaktów mysql/records.php on line 56
[06-Dec-2017 18:13:22 UTC] PHP Parse error:  syntax error, unexpected '$news' (T_VARIABLE) in /home/ubuntu/workspace/cwiczenia/baza kontaktów mysql/records.php on line 56
[06-Dec-2017 18:17:19 UTC] PHP Parse error:  syntax error, unexpected '}' in /home/ubuntu/workspace/cwiczenia/baza kontaktów mysql/records.php on line 103
[06-Dec-2017 18:18:33 UTC] PHP Parse error:  syntax error, unexpected 'else' (T_ELSE) in /home/ubuntu/workspace/cwiczenia/baza kontaktów mysql/records.php on line 75
[06-Dec-2017 18:19:13 UTC] PHP Parse error:  syntax error, unexpected end of file in /home/ubuntu/workspace/cwiczenia/baza kontaktów mysql/records.php on line 107
[06-Dec-2017 18:30:08 UTC] PHP Parse error:  syntax error, unexpected end of file in /home/ubuntu/workspace/cwiczenia/baza kontaktów mysql/records.php on line 106
[06-Dec-2017 18:30:33 UTC] PHP Parse error:  syntax error, unexpected end of file in /home/ubuntu/workspace/cwiczenia/baza kontaktów mysql/records.php on line 99
[06-Dec-2017 18:35:06 UTC] PHP Parse error:  syntax error, unexpected end of file in /home/ubuntu/workspace/cwiczenia/baza kontaktów mysql/records.php on line 99
[07-Dec-2017 08:10:51 UTC] PHP Parse error:  syntax error, unexpected 'else' (T_ELSE) in /home/ubuntu/workspace/cwiczenia/baza kontaktów mysql/records.php on line 75
[07-Dec-2017 08:11:38 UTC] PHP Parse error:  syntax error, unexpected 'else' (T_ELSE) in /home/ubuntu/workspace/cwiczenia/baza kontaktów mysql/records.php on line 75
[07-Dec-2017 08:12:02 UTC] PHP Parse error:  syntax error, unexpected 'else' (T_ELSE) in /home/ubuntu/workspace/cwiczenia/baza kontaktów mysql/records.php on line 75
[07-Dec-2017 08:12:05 UTC] PHP Parse error:  syntax error, unexpected 'else' (T_ELSE) in /home/ubuntu/workspace/cwiczenia/baza kontaktów mysql/records.php on line 75
[07-Dec-2017 08:30:07 UTC] PHP Warning:  preg_match(): Delimiter must not be alphanumeric or backslash in /home/ubuntu/workspace/cwiczenia/baza kontaktów mysql/records.php on line 85
[07-Dec-2017 08:30:07 UTC] PHP Stack trace:
[07-Dec-2017 08:30:07 UTC] PHP   1. {main}() /home/ubuntu/workspace/cwiczenia/baza kontaktów mysql/records.php:0
[07-Dec-2017 08:30:07 UTC] PHP   2. preg_match() /home/ubuntu/workspace/cwiczenia/baza kontaktów mysql/records.php:85
[07-Dec-2017 08:30:47 UTC] PHP Warning:  preg_match(): Delimiter must not be alphanumeric or backslash in /home/ubuntu/workspace/cwiczenia/baza kontaktów mysql/records.php on line 85
[07-Dec-2017 08:30:47 UTC] PHP Stack trace:
[07-Dec-2017 08:30:47 UTC] PHP   1. {main}() /home/ubuntu/workspace/cwiczenia/baza kontaktów mysql/records.php:0
[07-Dec-2017 08:30:47 UTC] PHP   2. preg_match() /home/ubuntu/workspace/cwiczenia/baza kontaktów mysql/records.php:85
[07-Dec-2017 08:32:08 UTC] PHP Warning:  preg_match(): Delimiter must not be alphanumeric or backslash in /home/ubuntu/workspace/cwiczenia/baza kontaktów mysql/records.php on line 85
[07-Dec-2017 08:32:08 UTC] PHP Stack trace:
[07-Dec-2017 08:32:08 UTC] PHP   1. {main}() /home/ubuntu/workspace/cwiczenia/baza kontaktów mysql/records.php:0
[07-Dec-2017 08:32:08 UTC] PHP   2. preg_match() /home/ubuntu/workspace/cwiczenia/baza kontaktów mysql/records.php:85
[08-Dec-2017 10:50:14 UTC] PHP Warning:  preg_match(): Delimiter must not be alphanumeric or backslash in /home/ubuntu/workspace/cwiczenia/baza kontaktów mysql/records.php on line 85
[08-Dec-2017 10:50:14 UTC] PHP Stack trace:
[08-Dec-2017 10:50:14 UTC] PHP   1. {main}() /home/ubuntu/workspace/cwiczenia/baza kontaktów mysql/records.php:0
[08-Dec-2017 10:50:14 UTC] PHP   2. preg_match() /home/ubuntu/workspace/cwiczenia/baza kontaktów mysql/records.php:85
